#
# There is insufficient memory for the Java Runtime Environment to continue.
# Native memory allocation (malloc) failed to allocate 131088 bytes for Chunk::new
# Possible reasons:
#   The system is out of physical RAM or swap space
#   In 32 bit mode, the process size limit was hit
# Possible solutions:
#   Reduce memory load on the system
#   Increase physical memory or swap space
#   Check if swap backing store is full
#   Use 64 bit Java on a 64 bit OS
#   Decrease Java heap size (-Xmx/-Xms)
#   Decrease number of Java threads
#   Decrease Java thread stack sizes (-Xss)
#   Set larger code cache with -XX:ReservedCodeCacheSize=
# This output file may be truncated or incomplete.
#
#  Out of Memory Error (allocation.cpp:390), pid=7528, tid=9336
#
# JRE version: Java(TM) SE Runtime Environment (8.0_51-b16) (build 1.8.0_51-b16)
# Java VM: Java HotSpot(TM) 64-Bit Server VM (25.51-b03 mixed mode windows-amd64 compressed oops)
# Failed to write core dump. Minidumps are not enabled by default on client versions of Windows
#

---------------  T H R E A D  ---------------

Current thread (0x0000000018a06000):  JavaThread "C2 CompilerThread1" daemon [_thread_in_native, id=9336, stack(0x00000000190b0000,0x00000000191b0000)]

Stack: [0x00000000190b0000,0x00000000191b0000]
[error occurred during error reporting (printing stack bounds), id 0xc0000005]

Native frames: (J=compiled Java code, j=interpreted, Vv=VM code, C=native code)
V  [jvm.dll+0x32b4ca]
V  [jvm.dll+0x2797e3]
V  [jvm.dll+0x27a479]
V  [jvm.dll+0x293446]
V  [jvm.dll+0x297d3c]
V  [jvm.dll+0x5ca9cf]
C  [msvcr100.dll+0x712e3]
V  [jvm.dll+0x5ca0cd]
C  [ntdll.dll+0x27e8d]
C  [ntdll.dll+0x184cf]
C  [ntdll.dll+0x4bac8]
V  [jvm.dll+0x21bbc1]


Current CompileTask:
C2:  32040 7716   !   4       org.apache.maven.model.Model::clone (502 bytes)


---------------  P R O C E S S  ---------------

Java Threads: ( => current thread )
  0x000000001d6be000 JavaThread "resolver-5" daemon [_thread_blocked, id=4084, stack(0x000000001fee0000,0x000000001ffe0000)]
  0x000000001a7af800 JavaThread "resolver-4" daemon [_thread_blocked, id=9016, stack(0x000000001fa60000,0x000000001fb60000)]
  0x000000001bb27000 JavaThread "resolver-3" daemon [_thread_blocked, id=5504, stack(0x000000001c6c0000,0x000000001c7c0000)]
  0x0000000018c3d800 JavaThread "resolver-2" daemon [_thread_blocked, id=9704, stack(0x0000000019500000,0x0000000019600000)]
  0x0000000019798800 JavaThread "resolver-1" daemon [_thread_blocked, id=10208, stack(0x000000001dc20000,0x000000001dd20000)]
  0x0000000018a09800 JavaThread "Service Thread" daemon [_thread_blocked, id=9604, stack(0x00000000193f0000,0x00000000194f0000)]
  0x0000000018a07000 JavaThread "C1 CompilerThread2" daemon [_thread_blocked, id=4828, stack(0x0000000019240000,0x0000000019340000)]
=>0x0000000018a06000 JavaThread "C2 CompilerThread1" daemon [_thread_in_native, id=9336, stack(0x00000000190b0000,0x00000000191b0000)]
  0x0000000018a04800 JavaThread "C2 CompilerThread0" daemon [_thread_in_native, id=11780, stack(0x00000000186f0000,0x00000000187f0000)]
  0x0000000017725800 JavaThread "Attach Listener" daemon [_thread_blocked, id=7944, stack(0x0000000018fa0000,0x00000000190a0000)]
  0x0000000017724800 JavaThread "Signal Dispatcher" daemon [_thread_blocked, id=6540, stack(0x0000000018e70000,0x0000000018f70000)]
  0x00000000176c1800 JavaThread "Finalizer" daemon [_thread_blocked, id=1216, stack(0x0000000018900000,0x0000000018a00000)]
  0x00000000176c0000 JavaThread "Reference Handler" daemon [_thread_blocked, id=8836, stack(0x0000000018800000,0x0000000018900000)]
  0x00000000023ef000 JavaThread "main" [_thread_in_native, id=10832, stack(0x00000000025a0000,0x00000000026a0000)]

Other Threads:
  0x00000000176ba800 VMThread [stack: 0x00000000185d0000,0x00000000186d0000] [id=9888]
  0x0000000018a4b000 WatcherThread [stack: 0x0000000019600000,0x0000000019700000] [id=11396]

VM state:not at safepoint (normal execution)

VM Mutex/Monitor currently owned by a thread: None

Heap:
 PSYoungGen      total 199168K, used 41466K [0x00000000d5f00000, 0x00000000e6d00000, 0x0000000100000000)
  eden space 173056K, 23% used [0x00000000d5f00000,0x00000000d877eaa8,0x00000000e0800000)
  from space 26112K, 0% used [0x00000000e0800000,0x00000000e0800000,0x00000000e2180000)
  to   space 26112K, 0% used [0x00000000e5380000,0x00000000e5380000,0x00000000e6d00000)
 ParOldGen       total 142848K, used 55497K [0x0000000081c00000, 0x000000008a780000, 0x00000000d5f00000)
  object space 142848K, 38% used [0x0000000081c00000,0x00000000852325b8,0x000000008a780000)
 Metaspace       used 36650K, capacity 37564K, committed 37632K, reserved 1083392K
  class space    used 4040K, capacity 4338K, committed 4352K, reserved 1048576K

Card table byte_map: [0x0000000011d30000,0x0000000012130000] byte_map_base: 0x0000000011922000

Marking Bits: (ParMarkBitMap*) 0x000000006fe84040
 Begin Bits: [0x0000000012a10000, 0x00000000149a0000)
 End Bits:   [0x00000000149a0000, 0x0000000016930000)

Polling page: 0x00000000001e0000

CodeCache: size=245760Kb used=25129Kb max_used=26053Kb free=220630Kb
 bounds [0x0000000002970000, 0x0000000004360000, 0x0000000011970000]
 total_blobs=6782 nmethods=6358 adapters=334
 compilation: enabled

Compilation events (10 events):
Event: 29.497 Thread 0x0000000018a07000 7774   !   3       com.google.inject.spi.InjectionPoint::forMember (157 bytes)
Event: 29.499 Thread 0x0000000018a07000 nmethod 7774 0x00000000036066d0 code [0x0000000003606a60, 0x0000000003608858]
Event: 29.499 Thread 0x0000000018a07000 7775       3       com.google.inject.TypeLiteral::resolveAll (35 bytes)
Event: 29.499 Thread 0x0000000018a07000 nmethod 7775 0x0000000002e133d0 code [0x0000000002e13580, 0x0000000002e13b68]
Event: 29.512 Thread 0x0000000018a07000 7776       1       com.google.common.collect.SingletonImmutableList::isEmpty (2 bytes)
Event: 29.512 Thread 0x0000000018a07000 nmethod 7776 0x0000000003a60490 code [0x0000000003a605e0, 0x0000000003a606f0]
Event: 29.512 Thread 0x0000000018a07000 7777   !   3       com.google.inject.spi.InjectionPoint::checkForMisplacedBindingAnnotations (61 bytes)
Event: 29.513 Thread 0x0000000018a07000 nmethod 7777 0x0000000002f12d90 code [0x0000000002f12fe0, 0x0000000002f13eb8]
Event: 29.525 Thread 0x0000000018a07000 7778       3       sun.reflect.UnsafeFieldAccessorImpl::<init> (56 bytes)
Event: 29.526 Thread 0x0000000018a07000 nmethod 7778 0x0000000002ed0350 code [0x0000000002ed0500, 0x0000000002ed0c18]

GC Heap History (10 events):
Event: 8.504 GC heap before
{Heap before GC invocations=9 (full 1):
 PSYoungGen      total 146432K, used 11987K [0x00000000d5f00000, 0x00000000dff00000, 0x0000000100000000)
  eden space 132096K, 0% used [0x00000000d5f00000,0x00000000d5f00000,0x00000000de000000)
  from space 14336K, 83% used [0x00000000def00000,0x00000000dfab4cd0,0x00000000dfd00000)
  to   space 15360K, 0% used [0x00000000de000000,0x00000000de000000,0x00000000def00000)
 ParOldGen       total 87552K, used 19161K [0x0000000081c00000, 0x0000000087180000, 0x00000000d5f00000)
  object space 87552K, 21% used [0x0000000081c00000,0x0000000082eb65f8,0x0000000087180000)
 Metaspace       used 20715K, capacity 21244K, committed 21248K, reserved 1069056K
  class space    used 2384K, capacity 2560K, committed 2560K, reserved 1048576K
Event: 8.756 GC heap after
Heap after GC invocations=9 (full 1):
 PSYoungGen      total 146432K, used 0K [0x00000000d5f00000, 0x00000000dff00000, 0x0000000100000000)
  eden space 132096K, 0% used [0x00000000d5f00000,0x00000000d5f00000,0x00000000de000000)
  from space 14336K, 0% used [0x00000000def00000,0x00000000def00000,0x00000000dfd00000)
  to   space 15360K, 0% used [0x00000000de000000,0x00000000de000000,0x00000000def00000)
 ParOldGen       total 78848K, used 23855K [0x0000000081c00000, 0x0000000086900000, 0x00000000d5f00000)
  object space 78848K, 30% used [0x0000000081c00000,0x000000008334bee8,0x0000000086900000)
 Metaspace       used 20715K, capacity 21244K, committed 21248K, reserved 1069056K
  class space    used 2384K, capacity 2560K, committed 2560K, reserved 1048576K
}
Event: 13.507 GC heap before
{Heap before GC invocations=10 (full 1):
 PSYoungGen      total 146432K, used 132096K [0x00000000d5f00000, 0x00000000dff00000, 0x0000000100000000)
  eden space 132096K, 100% used [0x00000000d5f00000,0x00000000de000000,0x00000000de000000)
  from space 14336K, 0% used [0x00000000def00000,0x00000000def00000,0x00000000dfd00000)
  to   space 15360K, 0% used [0x00000000de000000,0x00000000de000000,0x00000000def00000)
 ParOldGen       total 78848K, used 23855K [0x0000000081c00000, 0x0000000086900000, 0x00000000d5f00000)
  object space 78848K, 30% used [0x0000000081c00000,0x000000008334bee8,0x0000000086900000)
 Metaspace       used 31777K, capacity 32336K, committed 32512K, reserved 1077248K
  class space    used 3532K, capacity 3717K, committed 3840K, reserved 1048576K
Event: 13.723 GC heap after
Heap after GC invocations=10 (full 1):
 PSYoungGen      total 147456K, used 15331K [0x00000000d5f00000, 0x00000000e3680000, 0x0000000100000000)
  eden space 132096K, 0% used [0x00000000d5f00000,0x00000000d5f00000,0x00000000de000000)
  from space 15360K, 99% used [0x00000000de000000,0x00000000deef8f08,0x00000000def00000)
  to   space 21504K, 0% used [0x00000000e2180000,0x00000000e2180000,0x00000000e3680000)
 ParOldGen       total 78848K, used 34400K [0x0000000081c00000, 0x0000000086900000, 0x00000000d5f00000)
  object space 78848K, 43% used [0x0000000081c00000,0x0000000083d98008,0x0000000086900000)
 Metaspace       used 31777K, capacity 32336K, committed 32512K, reserved 1077248K
  class space    used 3532K, capacity 3717K, committed 3840K, reserved 1048576K
}
Event: 20.579 GC heap before
{Heap before GC invocations=11 (full 1):
 PSYoungGen      total 147456K, used 147427K [0x00000000d5f00000, 0x00000000e3680000, 0x0000000100000000)
  eden space 132096K, 100% used [0x00000000d5f00000,0x00000000de000000,0x00000000de000000)
  from space 15360K, 99% used [0x00000000de000000,0x00000000deef8f08,0x00000000def00000)
  to   space 21504K, 0% used [0x00000000e2180000,0x00000000e2180000,0x00000000e3680000)
 ParOldGen       total 78848K, used 34400K [0x0000000081c00000, 0x0000000086900000, 0x00000000d5f00000)
  object space 78848K, 43% used [0x0000000081c00000,0x0000000083d98008,0x0000000086900000)
 Metaspace       used 33918K, capacity 34686K, committed 34944K, reserved 1081344K
  class space    used 3727K, capacity 3957K, committed 3968K, reserved 1048576K
Event: 20.626 GC heap after
Heap after GC invocations=11 (full 1):
 PSYoungGen      total 194560K, used 21491K [0x00000000d5f00000, 0x00000000e3b00000, 0x0000000100000000)
  eden space 173056K, 0% used [0x00000000d5f00000,0x00000000d5f00000,0x00000000e0800000)
  from space 21504K, 99% used [0x00000000e2180000,0x00000000e367cc08,0x00000000e3680000)
  to   space 26112K, 0% used [0x00000000e0800000,0x00000000e0800000,0x00000000e2180000)
 ParOldGen       total 78848K, used 38489K [0x0000000081c00000, 0x0000000086900000, 0x00000000d5f00000)
  object space 78848K, 48% used [0x0000000081c00000,0x00000000841966e0,0x0000000086900000)
 Metaspace       used 33918K, capacity 34686K, committed 34944K, reserved 1081344K
  class space    used 3727K, capacity 3957K, committed 3968K, reserved 1048576K
}
Event: 23.282 GC heap before
{Heap before GC invocations=12 (full 1):
 PSYoungGen      total 194560K, used 105047K [0x00000000d5f00000, 0x00000000e3b00000, 0x0000000100000000)
  eden space 173056K, 48% used [0x00000000d5f00000,0x00000000db0990b0,0x00000000e0800000)
  from space 21504K, 99% used [0x00000000e2180000,0x00000000e367cc08,0x00000000e3680000)
  to   space 26112K, 0% used [0x00000000e0800000,0x00000000e0800000,0x00000000e2180000)
 ParOldGen       total 78848K, used 38489K [0x0000000081c00000, 0x0000000086900000, 0x00000000d5f00000)
  object space 78848K, 48% used [0x0000000081c00000,0x00000000841966e0,0x0000000086900000)
 Metaspace       used 34495K, capacity 35286K, committed 35416K, reserved 1081344K
  class space    used 3783K, capacity 4029K, committed 4096K, reserved 1048576K
Event: 23.337 GC heap after
Heap after GC invocations=12 (full 1):
 PSYoungGen      total 199168K, used 4681K [0x00000000d5f00000, 0x00000000e6d00000, 0x0000000100000000)
  eden space 173056K, 0% used [0x00000000d5f00000,0x00000000d5f00000,0x00000000e0800000)
  from space 26112K, 17% used [0x00000000e0800000,0x00000000e0c92660,0x00000000e2180000)
  to   space 26112K, 0% used [0x00000000e5380000,0x00000000e5380000,0x00000000e6d00000)
 ParOldGen       total 78848K, used 57372K [0x0000000081c00000, 0x0000000086900000, 0x00000000d5f00000)
  object space 78848K, 72% used [0x0000000081c00000,0x0000000085407028,0x0000000086900000)
 Metaspace       used 34495K, capacity 35286K, committed 35416K, reserved 1081344K
  class space    used 3783K, capacity 4029K, committed 4096K, reserved 1048576K
}
Event: 23.337 GC heap before
{Heap before GC invocations=13 (full 2):
 PSYoungGen      total 199168K, used 4681K [0x00000000d5f00000, 0x00000000e6d00000, 0x0000000100000000)
  eden space 173056K, 0% used [0x00000000d5f00000,0x00000000d5f00000,0x00000000e0800000)
  from space 26112K, 17% used [0x00000000e0800000,0x00000000e0c92660,0x00000000e2180000)
  to   space 26112K, 0% used [0x00000000e5380000,0x00000000e5380000,0x00000000e6d00000)
 ParOldGen       total 78848K, used 57372K [0x0000000081c00000, 0x0000000086900000, 0x00000000d5f00000)
  object space 78848K, 72% used [0x0000000081c00000,0x0000000085407028,0x0000000086900000)
 Metaspace       used 34495K, capacity 35286K, committed 35416K, reserved 1081344K
  class space    used 3783K, capacity 4029K, committed 4096K, reserved 1048576K
Event: 23.752 GC heap after
Heap after GC invocations=13 (full 2):
 PSYoungGen      total 199168K, used 0K [0x00000000d5f00000, 0x00000000e6d00000, 0x0000000100000000)
  eden space 173056K, 0% used [0x00000000d5f00000,0x00000000d5f00000,0x00000000e0800000)
  from space 26112K, 0% used [0x00000000e0800000,0x00000000e0800000,0x00000000e2180000)
  to   space 26112K, 0% used [0x00000000e5380000,0x00000000e5380000,0x00000000e6d00000)
 ParOldGen       total 142848K, used 55497K [0x0000000081c00000, 0x000000008a780000, 0x00000000d5f00000)
  object space 142848K, 38% used [0x0000000081c00000,0x00000000852325b8,0x000000008a780000)
 Metaspace       used 34495K, capacity 35286K, committed 35416K, reserved 1081344K
  class space    used 3783K, capacity 4029K, committed 4096K, reserved 1048576K
}

Deoptimization events (10 events):
Event: 23.122 Thread 0x00000000023ef000 Uncommon trap: reason=class_check action=maybe_recompile pc=0x0000000003138cc8 method=java.util.regex.Pattern$CharProperty$1.isSatisfiedBy(I)Z @ 5
Event: 23.122 Thread 0x00000000023ef000 Uncommon trap: reason=class_check action=maybe_recompile pc=0x0000000003138cb8 method=java.util.regex.Pattern$7.isSatisfiedBy(I)Z @ 16
Event: 23.122 Thread 0x00000000023ef000 Uncommon trap: reason=class_check action=maybe_recompile pc=0x0000000003138cb8 method=java.util.regex.Pattern$7.isSatisfiedBy(I)Z @ 16
Event: 23.122 Thread 0x00000000023ef000 Uncommon trap: reason=class_check action=maybe_recompile pc=0x00000000031388b0 method=java.util.regex.Pattern$CharProperty$1.isSatisfiedBy(I)Z @ 5
Event: 23.122 Thread 0x00000000023ef000 Uncommon trap: reason=class_check action=maybe_recompile pc=0x00000000031388b0 method=java.util.regex.Pattern$CharProperty$1.isSatisfiedBy(I)Z @ 5
Event: 23.122 Thread 0x00000000023ef000 Uncommon trap: reason=class_check action=maybe_recompile pc=0x00000000031388b0 method=java.util.regex.Pattern$CharProperty$1.isSatisfiedBy(I)Z @ 5
Event: 23.127 Thread 0x00000000023ef000 Uncommon trap: reason=unstable_if action=reinterpret pc=0x00000000040c098c method=org.codehaus.plexus.util.xml.pull.MXParser.nextImpl()I @ 310
Event: 26.393 Thread 0x00000000023ef000 Uncommon trap: reason=unstable_if action=reinterpret pc=0x0000000002c00a5c method=sun.nio.cs.StreamDecoder.read0()I @ 11
Event: 29.445 Thread 0x00000000023ef000 Uncommon trap: reason=unstable_if action=reinterpret pc=0x00000000038c5864 method=java.util.regex.Pattern.range(Ljava/util/regex/Pattern$BitClass;)Ljava/util/regex/Pattern$CharProperty; @ 108
Event: 29.445 Thread 0x00000000023ef000 Uncommon trap: reason=unstable_if action=reinterpret pc=0x00000000030b1fe4 method=java.util.regex.Pattern.range(Ljava/util/regex/Pattern$BitClass;)Ljava/util/regex/Pattern$CharProperty; @ 108

Internal exceptions (10 events):
Event: 14.634 Thread 0x00000000023ef000 Implicit null exception at 0x00000000039d2fd8 to 0x00000000039d300e
Event: 15.666 Thread 0x00000000023ef000 Exception <a 'java/lang/NoClassDefFoundError': org/slf4j/Logger> (0x00000000d7b8f9c8) thrown at [C:\re\workspace\8-2-build-windows-amd64-cygwin\jdk8u51\3951\hotspot\src\share\vm\oops\constantPool.cpp, line 235]
Event: 17.176 Thread 0x00000000023ef000 Implicit null exception at 0x0000000003fe3596 to 0x0000000003fe519d
Event: 17.210 Thread 0x00000000023ef000 Exception <a 'java/lang/NoClassDefFoundError': org/slf4j/Logger> (0x00000000d94cf040) thrown at [C:\re\workspace\8-2-build-windows-amd64-cygwin\jdk8u51\3951\hotspot\src\share\vm\oops\constantPool.cpp, line 235]
Event: 20.871 Thread 0x00000000023ef000 Exception <a 'java/io/FileNotFoundException'> (0x00000000d654f528) thrown at [C:\re\workspace\8-2-build-windows-amd64-cygwin\jdk8u51\3951\hotspot\src\share\vm\prims\jni.cpp, line 709]
Event: 20.872 Thread 0x00000000023ef000 Exception <a 'java/io/FileNotFoundException'> (0x00000000d6550f58) thrown at [C:\re\workspace\8-2-build-windows-amd64-cygwin\jdk8u51\3951\hotspot\src\share\vm\prims\jni.cpp, line 709]
Event: 23.237 Thread 0x00000000023ef000 Exception <a 'java/lang/NoClassDefFoundError': org/slf4j/Logger> (0x00000000dac97580) thrown at [C:\re\workspace\8-2-build-windows-amd64-cygwin\jdk8u51\3951\hotspot\src\share\vm\oops\constantPool.cpp, line 235]
Event: 23.797 Thread 0x00000000023ef000 Exception <a 'java/io/FileNotFoundException'> (0x00000000d5fa2cc8) thrown at [C:\re\workspace\8-2-build-windows-amd64-cygwin\jdk8u51\3951\hotspot\src\share\vm\prims\jni.cpp, line 709]
Event: 29.415 Thread 0x00000000023ef000 Exception <a 'java/lang/NoClassDefFoundError': org/slf4j/Logger> (0x00000000d7ec9660) thrown at [C:\re\workspace\8-2-build-windows-amd64-cygwin\jdk8u51\3951\hotspot\src\share\vm\oops\constantPool.cpp, line 235]
Event: 29.511 Thread 0x00000000023ef000 Exception <a 'java/lang/NoClassDefFoundError': org/slf4j/Logger> (0x00000000d8342ed0) thrown at [C:\re\workspace\8-2-build-windows-amd64-cygwin\jdk8u51\3951\hotspot\src\share\vm\oops\constantPool.cpp, line 235]

Events (10 events):
Event: 29.535 loading class org/codehaus/plexus/interpolation/InterpolationPostProcessor
Event: 29.535 loading class org/codehaus/plexus/interpolation/InterpolationPostProcessor done
Event: 29.535 loading class org/codehaus/plexus/interpolation/Interpolator
Event: 29.535 loading class org/codehaus/plexus/interpolation/Interpolator done
Event: 29.535 loading class org/codehaus/plexus/interpolation/Interpolator
Event: 29.535 loading class org/codehaus/plexus/interpolation/Interpolator done
Event: 29.535 loading class org/codehaus/plexus/interpolation/multi/MultiDelimiterInterpolatorFilterReader
Event: 29.535 loading class org/codehaus/plexus/interpolation/multi/MultiDelimiterInterpolatorFilterReader done
Event: 29.535 loading class org/codehaus/plexus/interpolation/multi/MultiDelimiterInterpolatorFilterReader
Event: 29.535 loading class org/codehaus/plexus/interpolation/multi/MultiDelimiterInterpolatorFilterReader done


Dynamic libraries:
0x000000013fc40000 - 0x000000013fc77000 	C:\Program Files\Java\jdk1.8.0_51\bin\java.exe
0x00000000776e0000 - 0x000000007788a000 	C:\Windows\SYSTEM32\ntdll.dll
0x00000000774c0000 - 0x00000000775df000 	C:\Windows\system32\kernel32.dll
0x000007fefd5f0000 - 0x000007fefd65a000 	C:\Windows\system32\KERNELBASE.dll
0x0000000075170000 - 0x00000000751f9000 	C:\Windows\System32\SYSFER.DLL
0x000007fefd870000 - 0x000007fefd94b000 	C:\Windows\system32\ADVAPI32.dll
0x000007feff0c0000 - 0x000007feff15f000 	C:\Windows\system32\msvcrt.dll
0x000007fefebc0000 - 0x000007fefebdf000 	C:\Windows\SYSTEM32\sechost.dll
0x000007feff290000 - 0x000007feff3bd000 	C:\Windows\system32\RPCRT4.dll
0x00000000775e0000 - 0x00000000776da000 	C:\Windows\system32\USER32.dll
0x000007feff870000 - 0x000007feff8d7000 	C:\Windows\system32\GDI32.dll
0x000007fefd950000 - 0x000007fefd95e000 	C:\Windows\system32\LPK.dll
0x000007feff1c0000 - 0x000007feff28a000 	C:\Windows\system32\USP10.dll
0x000007fefbe60000 - 0x000007fefc054000 	C:\Windows\WinSxS\amd64_microsoft.windows.common-controls_6595b64144ccf1df_6.0.7601.18837_none_fa3b1e3d17594757\COMCTL32.dll
0x000007fefdaf0000 - 0x000007fefdb61000 	C:\Windows\system32\SHLWAPI.dll
0x000007fefeaf0000 - 0x000007fefeb1e000 	C:\Windows\system32\IMM32.DLL
0x000007feff8e0000 - 0x000007feff9e9000 	C:\Windows\system32\MSCTF.dll
0x000000006d9e0000 - 0x000000006dab2000 	C:\Program Files\Java\jdk1.8.0_51\jre\bin\msvcr100.dll
0x000000006f680000 - 0x000000006ff03000 	C:\Program Files\Java\jdk1.8.0_51\jre\bin\server\jvm.dll
0x000007feef350000 - 0x000007feef359000 	C:\Windows\system32\WSOCK32.dll
0x000007fefd820000 - 0x000007fefd86d000 	C:\Windows\system32\WS2_32.dll
0x000007fefe900000 - 0x000007fefe908000 	C:\Windows\system32\NSI.dll
0x000007fefb3c0000 - 0x000007fefb3fb000 	C:\Windows\system32\WINMM.dll
0x000007fefc4f0000 - 0x000007fefc4fc000 	C:\Windows\system32\VERSION.dll
0x00000000778a0000 - 0x00000000778a7000 	C:\Windows\system32\PSAPI.DLL
0x0000000073260000 - 0x000000007326f000 	C:\Program Files\Java\jdk1.8.0_51\jre\bin\verify.dll
0x0000000052900000 - 0x0000000052929000 	C:\Program Files\Java\jdk1.8.0_51\jre\bin\java.dll
0x00000000726b0000 - 0x00000000726c6000 	C:\Program Files\Java\jdk1.8.0_51\jre\bin\zip.dll
0x000007fefdb70000 - 0x000007fefe8fa000 	C:\Windows\system32\SHELL32.dll
0x000007fefeeb0000 - 0x000007feff0b3000 	C:\Windows\system32\ole32.dll
0x000007fefd470000 - 0x000007fefd47f000 	C:\Windows\system32\profapi.dll
0x000007fefd260000 - 0x000007fefd2b7000 	C:\Windows\system32\apphelp.dll
0x0000000072770000 - 0x000000007278a000 	C:\Program Files\Java\jdk1.8.0_51\jre\bin\net.dll
0x000007fefcc00000 - 0x000007fefcc55000 	C:\Windows\system32\mswsock.dll
0x000007fefcbf0000 - 0x000007fefcbf7000 	C:\Windows\System32\wship6.dll
0x000000006d9c0000 - 0x000000006d9d1000 	C:\Program Files\Java\jdk1.8.0_51\jre\bin\nio.dll
0x000007fefcc60000 - 0x000007fefcc78000 	C:\Windows\system32\CRYPTSP.dll
0x000007fefc960000 - 0x000007fefc9a7000 	C:\Windows\system32\rsaenh.dll
0x000007fefd7e0000 - 0x000007fefd7fe000 	C:\Windows\system32\USERENV.dll
0x000007fefd300000 - 0x000007fefd30f000 	C:\Windows\system32\CRYPTBASE.dll
0x000007fefb340000 - 0x000007fefb367000 	C:\Windows\system32\IPHLPAPI.DLL
0x000007fefb330000 - 0x000007fefb33b000 	C:\Windows\system32\WINNSI.DLL
0x000007fefa540000 - 0x000007fefa558000 	C:\Windows\system32\dhcpcsvc.DLL
0x000007fefa520000 - 0x000007fefa531000 	C:\Windows\system32\dhcpcsvc6.DLL
0x000000006c840000 - 0x000000006c9d8000 	C:\Program Files\Java\jdk1.8.0_51\jre\bin\awt.dll
0x000007feff6f0000 - 0x000007feff7c8000 	C:\Windows\system32\OLEAUT32.dll
0x000007fef8940000 - 0x000007fef8a65000 	C:\Windows\system32\dbghelp.dll

VM Arguments:
jvm_args: -Dclassworlds.conf=C:\Program Files\NetBeans 8.0.2\java\maven\bin\m2.conf -Dmaven.home=C:\Program Files\NetBeans 8.0.2\java\maven 
java_command: org.codehaus.plexus.classworlds.launcher.Launcher -Dmaven.ext.class.path=C:\Program Files\NetBeans 8.0.2\java\maven-nblib\netbeans-eventspy.jar clean install
java_class_path (initial): C:\Program Files\NetBeans 8.0.2\java\maven\boot\plexus-classworlds-2.4.jar
Launcher Type: SUN_STANDARD

Environment Variables:
JAVA_HOME=C:\Program Files\Java\jdk1.8.0_51
PATH=C:\Program Files\Common Files\Microsoft Shared\Windows Live;C:\Program Files (x86)\Common Files\Microsoft Shared\Windows Live;C:\code\gtnexus\tools\bin;C:\Windows\system32;C:\ProgramData\Oracle\Java\javapath;C:\Windows;C:\Windows\System32\Wbem;C:\Windows\System32\WindowsPowerShell\v1.0\;C:\Program Files\Git\cmd;C:\Program Files\Git\bin;C:\Program Files\VanDyke Software\Clients\;C:\Program Files (x86)\Intel\OpenCL SDK\2.0\bin\x86;C:\Program Files (x86)\Intel\OpenCL SDK\2.0\bin\x64;C:\Program Files (x86)\Plantronics\Spokes3G\;C:\Mihindu\AlphaDevs\Exper\Maven\apache-maven-3.3.3\bin;C:\Program Files (x86)\Windows Live\Shared;C:\Program Files (x86)\Skype\Phone\;C:\Users\mkarunarathne\AppData\Local\Android\sdk\platform-tools\;C:\Program Files\Java\jdk1.7.0_79\bin;C:\Program Files\Java\jdk1.7.0_79\lib;C:\Program Files\nodejs\;C:\Users\mkarunarathne\AppData\Roaming\npm
USERNAME=mkarunarathne
OS=Windows_NT
PROCESSOR_IDENTIFIER=Intel64 Family 6 Model 42 Stepping 7, GenuineIntel



---------------  S Y S T E M  ---------------

OS: Windows 7 , 64 bit Build 7601 (6.1.7601.23392)

CPU:total 4 (2 cores per cpu, 2 threads per core) family 6 model 42 stepping 7, cmov, cx8, fxsr, mmx, sse, sse2, sse3, ssse3, sse4.1, sse4.2, popcnt, avx, aes, clmul, ht, tsc, tscinvbit

Memory: 4k page, physical 8266768k(500184k free), swap 9610728k(10772k free)

vm_info: Java HotSpot(TM) 64-Bit Server VM (25.51-b03) for windows-amd64 JRE (1.8.0_51-b16), built on Jun  8 2015 18:03:07 by "java_re" with MS VC++ 10.0 (VS2010)

time: Sat Apr 23 22:38:30 2016
elapsed time: 32 seconds (0d 0h 0m 32s)

